<?xml version="1.0" encoding="UTF-8"?>
<!-- Generated by org.testng.reporters.JUnitXMLReporter -->
<testsuite ignored="2" hostname="Sagar-PC" failures="0" tests="2" name="Test" time="22.078" errors="0" timestamp="2022-12-17T11:01:18 IST">
  <testcase classname="scripts.Script1" name="createCustomer" time="0.035"/>
  <testcase classname="scripts.Script2" name="deleteProduct" time="0.008"/>
  <testcase classname="generic.BaseTest" name="@AfterSuite publishReport" time="0.0">
    <ignored/>
  </testcase> <!-- @AfterSuite publishReport -->
  <testcase classname="generic.BaseTest" name="@BeforeSuite createReport" time="0.0">
    <ignored/>
  </testcase> <!-- @BeforeSuite createReport -->
</testsuite> <!-- Test -->
